Using pre-set license
Built from '2020.3/staging' branch; Version is '2020.3.9f1 (108be757e447) revision 1084391'; Using compiler version '192528614'; Build Type 'Release'
OS: 'Windows 10 Education; OS build 19042.1052; Version 2009; 64bit' Language: 'ko' Physical Memory: 16108 MB
BatchMode: 1, IsHumanControllingUs: 0, StartBugReporterOnCrash: 0, Is64bit: 1, IsPro: 0

 COMMAND LINE ARGUMENTS:
C:\Program Files\Unity\Hub\Editor\2020.3.9f1\Editor\Unity.exe
-adb2
-batchMode
-noUpm
-name
AssetImportWorker0
-projectPath
D:/@코딩/C#_유니티 프로젝트/LearningProject
-logFile
Logs/AssetImportWorker0.log
-srvPort
60048
Successfully changed project path to: D:/@코딩/C#_유니티 프로젝트/LearningProject
D:/@코딩/C#_유니티 프로젝트/LearningProject
Using Asset Import Pipeline V2.
Refreshing native plugins compatible for Editor in 74.08 ms, found 1 plugins.
Preloading 0 native plugins for Editor in 0.00 ms.
Initialize engine version: 2020.3.9f1 (108be757e447)
[Subsystems] Discovering subsystems at path C:/Program Files/Unity/Hub/Editor/2020.3.9f1/Editor/Data/Resources/UnitySubsystems
[Subsystems] Discovering subsystems at path D:/@코딩/C#_유니티 프로젝트/LearningProject/Assets
GfxDevice: creating device client; threaded=0
Direct3D:
    Version:  Direct3D 11.0 [level 11.1]
    Renderer: Intel(R) Iris(R) Xe Graphics (ID=0x9a49)
    Vendor:   
    VRAM:     8054 MB
    Driver:   27.20.100.8853
Initialize mono
Mono path[0] = 'C:/Program Files/Unity/Hub/Editor/2020.3.9f1/Editor/Data/Managed'
Mono path[1] = 'C:/Program Files/Unity/Hub/Editor/2020.3.9f1/Editor/Data/MonoBleedingEdge/lib/mono/unityjit'
Mono config path = 'C:/Program Files/Unity/Hub/Editor/2020.3.9f1/Editor/Data/MonoBleedingEdge/etc'
Using monoOptions --debugger-agent=transport=dt_socket,embedding=1,server=y,suspend=n,address=127.0.0.1:56524
Begin MonoManager ReloadAssembly
Registering precompiled unity dll's ...
Register platform support module: C:/Program Files/Unity/Hub/Editor/2020.3.9f1/Editor/Data/PlaybackEngines/WindowsStandaloneSupport/UnityEditor.WindowsStandalone.Extensions.dll
Registered in 0.005449 seconds.
Native extension for WindowsStandalone target not found
Refreshing native plugins compatible for Editor in 73.90 ms, found 1 plugins.
Preloading 0 native plugins for Editor in 0.00 ms.
Mono: successfully reloaded assembly
- Completed reload, in  2.211 seconds
Platform modules already initialized, skipping
Registering precompiled user dll's ...
Registered in 0.001576 seconds.
Begin MonoManager ReloadAssembly
Native extension for WindowsStandalone target not found
Refreshing native plugins compatible for Editor in 71.09 ms, found 1 plugins.
Preloading 0 native plugins for Editor in 0.00 ms.
Mono: successfully reloaded assembly
- Completed reload, in  1.844 seconds
Platform modules already initialized, skipping
========================================================================
Worker process is ready to serve import requests
Launched and connected shader compiler UnityShaderCompiler.exe after 0.11 seconds
Refreshing native plugins compatible for Editor in 0.26 ms, found 1 plugins.
Preloading 0 native plugins for Editor in 0.00 ms.
Unloading 1821 Unused Serialized files (Serialized files now loaded: 0)
System memory in use before: 85.1 MB.
System memory in use after: 85.1 MB.

Unloading 24 unused Assets to reduce memory usage. Loaded Objects now: 2263.
Total: 1.814700 ms (FindLiveObjects: 0.128600 ms CreateObjectMapping: 0.047000 ms MarkObjects: 1.483800 ms  DeleteObjects: 0.154300 ms)

========================================================================
Received Import Request.
  path: Assets/Scripts/NewBehaviourScript.cs
  artifactKey: Guid(e78422de4110b17429ebb71966b49d69) Importer(815301076,1909f56bfc062723c751e8b465ee728b)
Start importing Assets/Scripts/NewBehaviourScript.cs using Guid(e78422de4110b17429ebb71966b49d69) Importer(815301076,1909f56bfc062723c751e8b465ee728b)  -> (artifact id: '0d02bf5f05fdc0d3b02f1d46f64bcd8d') in 0.049430 seconds
  Import took 0.051727 seconds .

========================================================================
Received Prepare
Registering precompiled user dll's ...
Registered in 0.001487 seconds.
Begin MonoManager ReloadAssembly
Native extension for WindowsStandalone target not found
Refreshing native plugins compatible for Editor in 0.74 ms, found 1 plugins.
Preloading 0 native plugins for Editor in 0.00 ms.
Mono: successfully reloaded assembly
- Completed reload, in  1.591 seconds
Platform modules already initialized, skipping
Refreshing native plugins compatible for Editor in 0.46 ms, found 1 plugins.
Preloading 0 native plugins for Editor in 0.00 ms.
Unloading 1815 Unused Serialized files (Serialized files now loaded: 0)
System memory in use before: 85.0 MB.
System memory in use after: 85.0 MB.

Unloading 13 unused Assets to reduce memory usage. Loaded Objects now: 2266.
Total: 3.054600 ms (FindLiveObjects: 0.212600 ms CreateObjectMapping: 0.093300 ms MarkObjects: 2.584100 ms  DeleteObjects: 0.162900 ms)

========================================================================
Received Import Request.
  Time since last request: 166.664103 seconds.
  path: Assets/Scripts/LearningLoopsForeach.cs
  artifactKey: Guid(e78422de4110b17429ebb71966b49d69) Importer(815301076,1909f56bfc062723c751e8b465ee728b)
Start importing Assets/Scripts/LearningLoopsForeach.cs using Guid(e78422de4110b17429ebb71966b49d69) Importer(815301076,1909f56bfc062723c751e8b465ee728b)  -> (artifact id: 'd665d73b7c9740a374cbce5eeb817ddf') in 0.014518 seconds
  Import took 0.020608 seconds .

========================================================================
Received Prepare
Registering precompiled user dll's ...
Registered in 0.001490 seconds.
Begin MonoManager ReloadAssembly
Native extension for WindowsStandalone target not found
Refreshing native plugins compatible for Editor in 0.53 ms, found 1 plugins.
Preloading 0 native plugins for Editor in 0.00 ms.
Mono: successfully reloaded assembly
- Completed reload, in  1.609 seconds
Platform modules already initialized, skipping
Refreshing native plugins compatible for Editor in 0.76 ms, found 1 plugins.
Preloading 0 native plugins for Editor in 0.00 ms.
Unloading 1815 Unused Serialized files (Serialized files now loaded: 0)
System memory in use before: 85.1 MB.
System memory in use after: 85.1 MB.

Unloading 12 unused Assets to reduce memory usage. Loaded Objects now: 2270.
Total: 3.622900 ms (FindLiveObjects: 0.229900 ms CreateObjectMapping: 0.080800 ms MarkObjects: 3.081400 ms  DeleteObjects: 0.229100 ms)

========================================================================
Received Prepare
Registering precompiled user dll's ...
Registered in 0.079911 seconds.
Begin MonoManager ReloadAssembly
Native extension for WindowsStandalone target not found
Refreshing native plugins compatible for Editor in 0.53 ms, found 1 plugins.
Preloading 0 native plugins for Editor in 0.00 ms.
Mono: successfully reloaded assembly
- Completed reload, in  1.621 seconds
Platform modules already initialized, skipping
Refreshing native plugins compatible for Editor in 0.62 ms, found 1 plugins.
Preloading 0 native plugins for Editor in 0.00 ms.
Unloading 1815 Unused Serialized files (Serialized files now loaded: 0)
System memory in use before: 85.1 MB.
System memory in use after: 85.1 MB.

Unloading 12 unused Assets to reduce memory usage. Loaded Objects now: 2274.
Total: 3.370100 ms (FindLiveObjects: 0.221700 ms CreateObjectMapping: 0.081900 ms MarkObjects: 2.859300 ms  DeleteObjects: 0.205500 ms)

========================================================================
Received Prepare
Registering precompiled user dll's ...
Registered in 0.001519 seconds.
Begin MonoManager ReloadAssembly
Native extension for WindowsStandalone target not found
Refreshing native plugins compatible for Editor in 0.50 ms, found 1 plugins.
Preloading 0 native plugins for Editor in 0.00 ms.
Mono: successfully reloaded assembly
- Completed reload, in  1.573 seconds
Platform modules already initialized, skipping
Refreshing native plugins compatible for Editor in 0.44 ms, found 1 plugins.
Preloading 0 native plugins for Editor in 0.00 ms.
Unloading 1815 Unused Serialized files (Serialized files now loaded: 0)
System memory in use before: 85.1 MB.
System memory in use after: 85.1 MB.

Unloading 12 unused Assets to reduce memory usage. Loaded Objects now: 2278.
Total: 2.965300 ms (FindLiveObjects: 0.227400 ms CreateObjectMapping: 0.090300 ms MarkObjects: 2.472500 ms  DeleteObjects: 0.172700 ms)

========================================================================
Received Prepare
Registering precompiled user dll's ...
Registered in 0.001699 seconds.
Begin MonoManager ReloadAssembly
Native extension for WindowsStandalone target not found
Refreshing native plugins compatible for Editor in 0.55 ms, found 1 plugins.
Preloading 0 native plugins for Editor in 0.00 ms.
Mono: successfully reloaded assembly
- Completed reload, in  1.606 seconds
Platform modules already initialized, skipping
Refreshing native plugins compatible for Editor in 0.48 ms, found 1 plugins.
Preloading 0 native plugins for Editor in 0.00 ms.
Unloading 1815 Unused Serialized files (Serialized files now loaded: 0)
System memory in use before: 85.1 MB.
System memory in use after: 85.1 MB.

Unloading 12 unused Assets to reduce memory usage. Loaded Objects now: 2282.
Total: 3.359300 ms (FindLiveObjects: 0.235900 ms CreateObjectMapping: 0.088100 ms MarkObjects: 2.808300 ms  DeleteObjects: 0.225200 ms)

========================================================================
Received Import Request.
  Time since last request: 298.716536 seconds.
  path: Assets/Scripts/LearningLoopsSearching.cs
  artifactKey: Guid(6f5cb4123e6eaa243ad2b41a626385f4) Importer(815301076,1909f56bfc062723c751e8b465ee728b)
Start importing Assets/Scripts/LearningLoopsSearching.cs using Guid(6f5cb4123e6eaa243ad2b41a626385f4) Importer(815301076,1909f56bfc062723c751e8b465ee728b)  -> (artifact id: 'd91080980964f328457157ee854cf5b7') in 0.016619 seconds
  Import took 0.023171 seconds .

========================================================================
Received Import Request.
  Time since last request: 0.001144 seconds.
  path: Assets/Scripts/LearningLoopsSearching.cs
  artifactKey: Guid(6f5cb4123e6eaa243ad2b41a626385f4) Importer(815301076,1909f56bfc062723c751e8b465ee728b)
Start importing Assets/Scripts/LearningLoopsSearching.cs using Guid(6f5cb4123e6eaa243ad2b41a626385f4) Importer(815301076,1909f56bfc062723c751e8b465ee728b)  -> (artifact id: 'd91080980964f328457157ee854cf5b7') in 0.005734 seconds
  Import took 0.012493 seconds .

========================================================================
Received Import Request.
  Time since last request: 11427.066812 seconds.
  path: Assets/Scripts/Person.cs
  artifactKey: Guid(46b512507b8d3b04e84fe33a2fae7916) Importer(815301076,1909f56bfc062723c751e8b465ee728b)
Start importing Assets/Scripts/Person.cs using Guid(46b512507b8d3b04e84fe33a2fae7916) Importer(815301076,1909f56bfc062723c751e8b465ee728b)  -> (artifact id: 'ccf3a34f3830bb3fccd3558d704bbead') in 0.014619 seconds
  Import took 0.020735 seconds .

========================================================================
Received Import Request.
  Time since last request: 0.007560 seconds.
  path: Assets/Scripts/Person.cs
  artifactKey: Guid(46b512507b8d3b04e84fe33a2fae7916) Importer(815301076,1909f56bfc062723c751e8b465ee728b)
Start importing Assets/Scripts/Person.cs using Guid(46b512507b8d3b04e84fe33a2fae7916) Importer(815301076,1909f56bfc062723c751e8b465ee728b)  -> (artifact id: 'ccf3a34f3830bb3fccd3558d704bbead') in 0.005723 seconds
  Import took 0.012160 seconds .

========================================================================
Received Prepare
Registering precompiled user dll's ...
Registered in 0.001513 seconds.
Begin MonoManager ReloadAssembly
Native extension for WindowsStandalone target not found
Refreshing native plugins compatible for Editor in 0.54 ms, found 1 plugins.
Preloading 0 native plugins for Editor in 0.00 ms.
Mono: successfully reloaded assembly
- Completed reload, in  1.626 seconds
Platform modules already initialized, skipping
Refreshing native plugins compatible for Editor in 0.57 ms, found 1 plugins.
Preloading 0 native plugins for Editor in 0.00 ms.
Unloading 1816 Unused Serialized files (Serialized files now loaded: 0)
System memory in use before: 85.2 MB.
System memory in use after: 85.1 MB.

Unloading 12 unused Assets to reduce memory usage. Loaded Objects now: 2287.
Total: 3.725000 ms (FindLiveObjects: 0.227100 ms CreateObjectMapping: 0.089800 ms MarkObjects: 3.131300 ms  DeleteObjects: 0.274700 ms)

========================================================================
Received Prepare
Registering precompiled user dll's ...
Registered in 0.002282 seconds.
Begin MonoManager ReloadAssembly
Native extension for WindowsStandalone target not found
Refreshing native plugins compatible for Editor in 0.51 ms, found 1 plugins.
Preloading 0 native plugins for Editor in 0.00 ms.
Mono: successfully reloaded assembly
- Completed reload, in  1.638 seconds
Platform modules already initialized, skipping
Refreshing native plugins compatible for Editor in 0.56 ms, found 1 plugins.
Preloading 0 native plugins for Editor in 0.00 ms.
Unloading 1816 Unused Serialized files (Serialized files now loaded: 0)
System memory in use before: 85.2 MB.
System memory in use after: 85.1 MB.

Unloading 12 unused Assets to reduce memory usage. Loaded Objects now: 2291.
Total: 3.820600 ms (FindLiveObjects: 0.203100 ms CreateObjectMapping: 0.084100 ms MarkObjects: 3.315200 ms  DeleteObjects: 0.216200 ms)

========================================================================
Received Import Request.
  Time since last request: 190.288541 seconds.
  path: Assets/Scripts/Person.cs
  artifactKey: Guid(46b512507b8d3b04e84fe33a2fae7916) Importer(815301076,1909f56bfc062723c751e8b465ee728b)
Start importing Assets/Scripts/Person.cs using Guid(46b512507b8d3b04e84fe33a2fae7916) Importer(815301076,1909f56bfc062723c751e8b465ee728b)  -> (artifact id: '12793607f2a33a23dc0847ce88bce60e') in 0.008991 seconds
  Import took 0.015355 seconds .

========================================================================
Received Import Request.
  Time since last request: 6.352792 seconds.
  path: Assets/Scripts/LearningClass.cs
  artifactKey: Guid(46b512507b8d3b04e84fe33a2fae7916) Importer(815301076,1909f56bfc062723c751e8b465ee728b)
Start importing Assets/Scripts/LearningClass.cs using Guid(46b512507b8d3b04e84fe33a2fae7916) Importer(815301076,1909f56bfc062723c751e8b465ee728b)  -> (artifact id: '706b2f5f42cef8191f6a495217c9731d') in 0.011539 seconds
  Import took 0.017140 seconds .

========================================================================
Received Prepare
Registering precompiled user dll's ...
Registered in 0.001088 seconds.
Begin MonoManager ReloadAssembly
Native extension for WindowsStandalone target not found
Refreshing native plugins compatible for Editor in 0.56 ms, found 1 plugins.
Preloading 0 native plugins for Editor in 0.00 ms.
Mono: successfully reloaded assembly
- Completed reload, in  1.586 seconds
Platform modules already initialized, skipping
Refreshing native plugins compatible for Editor in 0.57 ms, found 1 plugins.
Preloading 0 native plugins for Editor in 0.00 ms.
Unloading 1816 Unused Serialized files (Serialized files now loaded: 0)
System memory in use before: 85.2 MB.
System memory in use after: 85.2 MB.

Unloading 12 unused Assets to reduce memory usage. Loaded Objects now: 2295.
Total: 3.580400 ms (FindLiveObjects: 0.213000 ms CreateObjectMapping: 0.082300 ms MarkObjects: 3.068900 ms  DeleteObjects: 0.214600 ms)

========================================================================
Received Prepare
Registering precompiled user dll's ...
Registered in 0.002514 seconds.
Begin MonoManager ReloadAssembly
Native extension for WindowsStandalone target not found
Refreshing native plugins compatible for Editor in 0.53 ms, found 1 plugins.
Preloading 0 native plugins for Editor in 0.00 ms.
Mono: successfully reloaded assembly
- Completed reload, in  1.585 seconds
Platform modules already initialized, skipping
Refreshing native plugins compatible for Editor in 0.52 ms, found 1 plugins.
Preloading 0 native plugins for Editor in 0.00 ms.
Unloading 1816 Unused Serialized files (Serialized files now loaded: 0)
System memory in use before: 85.2 MB.
System memory in use after: 85.2 MB.

Unloading 12 unused Assets to reduce memory usage. Loaded Objects now: 2299.
Total: 3.374200 ms (FindLiveObjects: 0.224300 ms CreateObjectMapping: 0.080000 ms MarkObjects: 2.836200 ms  DeleteObjects: 0.232100 ms)

========================================================================
Received Import Request.
  Time since last request: 960.227364 seconds.
  path: Assets/Scripts/Person.cs
  artifactKey: Guid(aaca1ad3dcd5af545ad2c6d8d6d49c12) Importer(815301076,1909f56bfc062723c751e8b465ee728b)
Start importing Assets/Scripts/Person.cs using Guid(aaca1ad3dcd5af545ad2c6d8d6d49c12) Importer(815301076,1909f56bfc062723c751e8b465ee728b)  -> (artifact id: '4bf8a7c38c6250c140d0d10f40868e63') in 0.009765 seconds
  Import took 0.015466 seconds .

========================================================================
Received Import Request.
  Time since last request: 0.008104 seconds.
  path: Assets/Scripts/Person.cs
  artifactKey: Guid(aaca1ad3dcd5af545ad2c6d8d6d49c12) Importer(815301076,1909f56bfc062723c751e8b465ee728b)
Start importing Assets/Scripts/Person.cs using Guid(aaca1ad3dcd5af545ad2c6d8d6d49c12) Importer(815301076,1909f56bfc062723c751e8b465ee728b)  -> (artifact id: '4bf8a7c38c6250c140d0d10f40868e63') in 0.006178 seconds
  Import took 0.012373 seconds .

========================================================================
Received Prepare
Registering precompiled user dll's ...
Registered in 0.002098 seconds.
Begin MonoManager ReloadAssembly
Native extension for WindowsStandalone target not found
Refreshing native plugins compatible for Editor in 0.57 ms, found 1 plugins.
Preloading 0 native plugins for Editor in 0.00 ms.
Mono: successfully reloaded assembly
- Completed reload, in  1.617 seconds
Platform modules already initialized, skipping
Refreshing native plugins compatible for Editor in 0.50 ms, found 1 plugins.
Preloading 0 native plugins for Editor in 0.00 ms.
Unloading 1816 Unused Serialized files (Serialized files now loaded: 0)
System memory in use before: 85.2 MB.
System memory in use after: 85.2 MB.

Unloading 13 unused Assets to reduce memory usage. Loaded Objects now: 2303.
Total: 3.530900 ms (FindLiveObjects: 0.229000 ms CreateObjectMapping: 0.097900 ms MarkObjects: 2.996200 ms  DeleteObjects: 0.205800 ms)

========================================================================
Received Import Request.
  Time since last request: 47.990552 seconds.
  path: Assets/Scripts/LearningClass.cs
  artifactKey: Guid(aaca1ad3dcd5af545ad2c6d8d6d49c12) Importer(815301076,1909f56bfc062723c751e8b465ee728b)
Start importing Assets/Scripts/LearningClass.cs using Guid(aaca1ad3dcd5af545ad2c6d8d6d49c12) Importer(815301076,1909f56bfc062723c751e8b465ee728b)  -> (artifact id: '597a74e703546fd79177ac9b26c096c2') in 0.010793 seconds
  Import took 0.016791 seconds .

========================================================================
Received Prepare
Registering precompiled user dll's ...
Registered in 0.001510 seconds.
Begin MonoManager ReloadAssembly
Native extension for WindowsStandalone target not found
Refreshing native plugins compatible for Editor in 0.85 ms, found 1 plugins.
Preloading 0 native plugins for Editor in 0.00 ms.
Mono: successfully reloaded assembly
- Completed reload, in  1.609 seconds
Platform modules already initialized, skipping
Refreshing native plugins compatible for Editor in 0.51 ms, found 1 plugins.
Preloading 0 native plugins for Editor in 0.00 ms.
Unloading 1816 Unused Serialized files (Serialized files now loaded: 0)
System memory in use before: 85.2 MB.
System memory in use after: 85.2 MB.

Unloading 12 unused Assets to reduce memory usage. Loaded Objects now: 2307.
Total: 3.244700 ms (FindLiveObjects: 0.205400 ms CreateObjectMapping: 0.080200 ms MarkObjects: 2.768100 ms  DeleteObjects: 0.189500 ms)

========================================================================
Received Prepare
Registering precompiled user dll's ...
Registered in 0.001611 seconds.
Begin MonoManager ReloadAssembly
Native extension for WindowsStandalone target not found
Refreshing native plugins compatible for Editor in 0.52 ms, found 1 plugins.
Preloading 0 native plugins for Editor in 0.00 ms.
Mono: successfully reloaded assembly
- Completed reload, in  1.549 seconds
Platform modules already initialized, skipping
Refreshing native plugins compatible for Editor in 0.55 ms, found 1 plugins.
Preloading 0 native plugins for Editor in 0.00 ms.
Unloading 1816 Unused Serialized files (Serialized files now loaded: 0)
System memory in use before: 85.2 MB.
System memory in use after: 85.2 MB.

Unloading 12 unused Assets to reduce memory usage. Loaded Objects now: 2311.
Total: 3.005700 ms (FindLiveObjects: 0.215000 ms CreateObjectMapping: 0.117300 ms MarkObjects: 2.530100 ms  DeleteObjects: 0.141000 ms)

========================================================================
Received Prepare
Registering precompiled user dll's ...
Registered in 0.001590 seconds.
Begin MonoManager ReloadAssembly
Native extension for WindowsStandalone target not found
Refreshing native plugins compatible for Editor in 0.53 ms, found 1 plugins.
Preloading 0 native plugins for Editor in 0.00 ms.
Mono: successfully reloaded assembly
- Completed reload, in  1.580 seconds
Platform modules already initialized, skipping
Refreshing native plugins compatible for Editor in 0.51 ms, found 1 plugins.
Preloading 0 native plugins for Editor in 0.00 ms.
Unloading 1816 Unused Serialized files (Serialized files now loaded: 0)
System memory in use before: 85.2 MB.
System memory in use after: 85.2 MB.

Unloading 12 unused Assets to reduce memory usage. Loaded Objects now: 2315.
Total: 3.300900 ms (FindLiveObjects: 0.205000 ms CreateObjectMapping: 0.080800 ms MarkObjects: 2.816000 ms  DeleteObjects: 0.197200 ms)

========================================================================
Received Import Request.
  Time since last request: 547.170880 seconds.
  path: Assets/Scripts/LearningObjects.cs
  artifactKey: Guid(367eee1eda62eeb4282bad4229df8e28) Importer(815301076,1909f56bfc062723c751e8b465ee728b)
Start importing Assets/Scripts/LearningObjects.cs using Guid(367eee1eda62eeb4282bad4229df8e28) Importer(815301076,1909f56bfc062723c751e8b465ee728b)  -> (artifact id: '12ef7f2c11496229a3e019d86f9d9cbb') in 0.020507 seconds
  Import took 0.026230 seconds .

========================================================================
Received Prepare
Registering precompiled user dll's ...
Registered in 0.001481 seconds.
Begin MonoManager ReloadAssembly
Native extension for WindowsStandalone target not found
Refreshing native plugins compatible for Editor in 0.51 ms, found 1 plugins.
Preloading 0 native plugins for Editor in 0.00 ms.
Mono: successfully reloaded assembly
- Completed reload, in  1.596 seconds
Platform modules already initialized, skipping
Refreshing native plugins compatible for Editor in 0.51 ms, found 1 plugins.
Preloading 0 native plugins for Editor in 0.00 ms.
Unloading 1817 Unused Serialized files (Serialized files now loaded: 0)
System memory in use before: 85.3 MB.
System memory in use after: 85.2 MB.

Unloading 12 unused Assets to reduce memory usage. Loaded Objects now: 2320.
Total: 3.187300 ms (FindLiveObjects: 0.215100 ms CreateObjectMapping: 0.081900 ms MarkObjects: 2.667800 ms  DeleteObjects: 0.220900 ms)

========================================================================
Received Prepare
Registering precompiled user dll's ...
Registered in 0.002001 seconds.
Begin MonoManager ReloadAssembly
Native extension for WindowsStandalone target not found
Refreshing native plugins compatible for Editor in 0.52 ms, found 1 plugins.
Preloading 0 native plugins for Editor in 0.00 ms.
Mono: successfully reloaded assembly
- Completed reload, in  1.616 seconds
Platform modules already initialized, skipping
Refreshing native plugins compatible for Editor in 0.53 ms, found 1 plugins.
Preloading 0 native plugins for Editor in 0.00 ms.
Unloading 1817 Unused Serialized files (Serialized files now loaded: 0)
System memory in use before: 85.3 MB.
System memory in use after: 85.2 MB.

Unloading 12 unused Assets to reduce memory usage. Loaded Objects now: 2324.
Total: 3.450300 ms (FindLiveObjects: 0.214300 ms CreateObjectMapping: 0.076500 ms MarkObjects: 2.917100 ms  DeleteObjects: 0.240600 ms)

========================================================================
Received Import Request.
  Time since last request: 1188.020524 seconds.
  path: Assets/Scripts/LearningObjects.cs
  artifactKey: Guid(367eee1eda62eeb4282bad4229df8e28) Importer(815301076,1909f56bfc062723c751e8b465ee728b)
Start importing Assets/Scripts/LearningObjects.cs using Guid(367eee1eda62eeb4282bad4229df8e28) Importer(815301076,1909f56bfc062723c751e8b465ee728b)  -> (artifact id: 'aae99c6ee4beaf8ccb05bc4f95d67cf4') in 0.009552 seconds
  Import took 0.015593 seconds .

========================================================================
Received Import Request.
  Time since last request: 0.010077 seconds.
  path: Assets/Scripts/LearningObjects.cs
  artifactKey: Guid(367eee1eda62eeb4282bad4229df8e28) Importer(815301076,1909f56bfc062723c751e8b465ee728b)
Start importing Assets/Scripts/LearningObjects.cs using Guid(367eee1eda62eeb4282bad4229df8e28) Importer(815301076,1909f56bfc062723c751e8b465ee728b)  -> (artifact id: 'aae99c6ee4beaf8ccb05bc4f95d67cf4') in 0.005067 seconds
  Import took 0.010478 seconds .

========================================================================
Received Prepare
Registering precompiled user dll's ...
Registered in 0.001487 seconds.
Begin MonoManager ReloadAssembly
Native extension for WindowsStandalone target not found
Refreshing native plugins compatible for Editor in 0.57 ms, found 1 plugins.
Preloading 0 native plugins for Editor in 0.00 ms.
Mono: successfully reloaded assembly
- Completed reload, in  1.592 seconds
Platform modules already initialized, skipping
Refreshing native plugins compatible for Editor in 0.53 ms, found 1 plugins.
Preloading 0 native plugins for Editor in 0.00 ms.
Unloading 1817 Unused Serialized files (Serialized files now loaded: 0)
System memory in use before: 85.3 MB.
System memory in use after: 85.2 MB.

Unloading 12 unused Assets to reduce memory usage. Loaded Objects now: 2328.
Total: 3.649000 ms (FindLiveObjects: 0.231300 ms CreateObjectMapping: 0.082100 ms MarkObjects: 3.136600 ms  DeleteObjects: 0.197600 ms)

========================================================================
Received Import Request.
  Time since last request: 2288.056866 seconds.
  path: Assets/Scripts/LearningObjectWithConstructors.cs
  artifactKey: Guid(7c8f7dc088b4c6746a3e6608fce4b7d7) Importer(815301076,1909f56bfc062723c751e8b465ee728b)
Start importing Assets/Scripts/LearningObjectWithConstructors.cs using Guid(7c8f7dc088b4c6746a3e6608fce4b7d7) Importer(815301076,1909f56bfc062723c751e8b465ee728b)  -> (artifact id: 'b79f666018410385c7cad1f9ce3fe7c6') in 0.017813 seconds
  Import took 0.023411 seconds .

========================================================================
Received Import Request.
  Time since last request: 0.044778 seconds.
  path: Assets/Scripts/LearningObjectWithConstructors.cs
  artifactKey: Guid(7c8f7dc088b4c6746a3e6608fce4b7d7) Importer(815301076,1909f56bfc062723c751e8b465ee728b)
Start importing Assets/Scripts/LearningObjectWithConstructors.cs using Guid(7c8f7dc088b4c6746a3e6608fce4b7d7) Importer(815301076,1909f56bfc062723c751e8b465ee728b)  -> (artifact id: 'b79f666018410385c7cad1f9ce3fe7c6') in 0.004053 seconds
  Import took 0.009834 seconds .

========================================================================
Received Prepare
Registering precompiled user dll's ...
Registered in 0.001594 seconds.
Begin MonoManager ReloadAssembly
Native extension for WindowsStandalone target not found
Refreshing native plugins compatible for Editor in 0.89 ms, found 1 plugins.
Preloading 0 native plugins for Editor in 0.00 ms.
Mono: successfully reloaded assembly
- Completed reload, in  1.694 seconds
Platform modules already initialized, skipping
Refreshing native plugins compatible for Editor in 0.51 ms, found 1 plugins.
Preloading 0 native plugins for Editor in 0.00 ms.
Unloading 1818 Unused Serialized files (Serialized files now loaded: 0)
System memory in use before: 85.3 MB.
System memory in use after: 85.3 MB.

Unloading 12 unused Assets to reduce memory usage. Loaded Objects now: 2333.
Total: 5.332300 ms (FindLiveObjects: 0.217700 ms CreateObjectMapping: 0.081100 ms MarkObjects: 4.713600 ms  DeleteObjects: 0.317200 ms)

========================================================================
Received Import Request.
  Time since last request: 246.113753 seconds.
  path: Assets/Scripts/LearningObjectWithConstructors.cs
  artifactKey: Guid(7c8f7dc088b4c6746a3e6608fce4b7d7) Importer(815301076,1909f56bfc062723c751e8b465ee728b)
Start importing Assets/Scripts/LearningObjectWithConstructors.cs using Guid(7c8f7dc088b4c6746a3e6608fce4b7d7) Importer(815301076,1909f56bfc062723c751e8b465ee728b)  -> (artifact id: '22b993c7e72ec290d849721ac1b3e6e7') in 0.007432 seconds
  Import took 0.013253 seconds .

========================================================================
Received Import Request.
  Time since last request: 0.004476 seconds.
  path: Assets/Scripts/LearningObjectWithConstructors.cs
  artifactKey: Guid(7c8f7dc088b4c6746a3e6608fce4b7d7) Importer(815301076,1909f56bfc062723c751e8b465ee728b)
Start importing Assets/Scripts/LearningObjectWithConstructors.cs using Guid(7c8f7dc088b4c6746a3e6608fce4b7d7) Importer(815301076,1909f56bfc062723c751e8b465ee728b)  -> (artifact id: '22b993c7e72ec290d849721ac1b3e6e7') in 0.004125 seconds
  Import took 0.009178 seconds .

========================================================================
Received Import Request.
  Time since last request: 37.459783 seconds.
  path: Assets/Scripts/LearningObjectWithConstructors.cs
  artifactKey: Guid(7c8f7dc088b4c6746a3e6608fce4b7d7) Importer(815301076,1909f56bfc062723c751e8b465ee728b)
Start importing Assets/Scripts/LearningObjectWithConstructors.cs using Guid(7c8f7dc088b4c6746a3e6608fce4b7d7) Importer(815301076,1909f56bfc062723c751e8b465ee728b)  -> (artifact id: '212a750efa1c6fa4052083f3b45faf6e') in 0.004882 seconds
  Import took 0.009728 seconds .

========================================================================
Received Prepare
Registering precompiled user dll's ...
Registered in 0.001658 seconds.
Begin MonoManager ReloadAssembly
Native extension for WindowsStandalone target not found
Refreshing native plugins compatible for Editor in 0.51 ms, found 1 plugins.
Preloading 0 native plugins for Editor in 0.00 ms.
Mono: successfully reloaded assembly
- Completed reload, in  1.568 seconds
Platform modules already initialized, skipping
Refreshing native plugins compatible for Editor in 0.65 ms, found 1 plugins.
Preloading 0 native plugins for Editor in 0.00 ms.
Unloading 1818 Unused Serialized files (Serialized files now loaded: 0)
System memory in use before: 85.3 MB.
System memory in use after: 85.3 MB.

Unloading 12 unused Assets to reduce memory usage. Loaded Objects now: 2337.
Total: 3.562000 ms (FindLiveObjects: 0.213800 ms CreateObjectMapping: 0.089100 ms MarkObjects: 3.053500 ms  DeleteObjects: 0.203700 ms)

========================================================================
Received Import Request.
  Time since last request: 14.482213 seconds.
  path: Assets/Scripts/LearningObjectWithConstructors.cs
  artifactKey: Guid(7c8f7dc088b4c6746a3e6608fce4b7d7) Importer(815301076,1909f56bfc062723c751e8b465ee728b)
Start importing Assets/Scripts/LearningObjectWithConstructors.cs using Guid(7c8f7dc088b4c6746a3e6608fce4b7d7) Importer(815301076,1909f56bfc062723c751e8b465ee728b)  -> (artifact id: '63858f08267122a5ba926a17fd2aeb48') in 0.010113 seconds
  Import took 0.016764 seconds .

========================================================================
Received Prepare
Registering precompiled user dll's ...
Registered in 0.001485 seconds.
Begin MonoManager ReloadAssembly
Native extension for WindowsStandalone target not found
Refreshing native plugins compatible for Editor in 0.54 ms, found 1 plugins.
Preloading 0 native plugins for Editor in 0.00 ms.
Mono: successfully reloaded assembly
- Completed reload, in  1.587 seconds
Platform modules already initialized, skipping
Refreshing native plugins compatible for Editor in 0.90 ms, found 1 plugins.
Preloading 0 native plugins for Editor in 0.00 ms.
Unloading 1818 Unused Serialized files (Serialized files now loaded: 0)
System memory in use before: 85.3 MB.
System memory in use after: 85.3 MB.

Unloading 12 unused Assets to reduce memory usage. Loaded Objects now: 2341.
Total: 3.366300 ms (FindLiveObjects: 0.224800 ms CreateObjectMapping: 0.107300 ms MarkObjects: 2.803700 ms  DeleteObjects: 0.228800 ms)

========================================================================
Received Import Request.
  Time since last request: 68.600029 seconds.
  path: Assets/Scripts/LearningObjectWithConstructors.cs
  artifactKey: Guid(7c8f7dc088b4c6746a3e6608fce4b7d7) Importer(815301076,1909f56bfc062723c751e8b465ee728b)
Start importing Assets/Scripts/LearningObjectWithConstructors.cs using Guid(7c8f7dc088b4c6746a3e6608fce4b7d7) Importer(815301076,1909f56bfc062723c751e8b465ee728b)  -> (artifact id: '9cc4ea04d0ca136124f7348353d790a2') in 0.010476 seconds
  Import took 0.017337 seconds .

========================================================================
Received Import Request.
  Time since last request: 3.910311 seconds.
  path: Assets/Scripts/LearningObjects.cs
  artifactKey: Guid(367eee1eda62eeb4282bad4229df8e28) Importer(815301076,1909f56bfc062723c751e8b465ee728b)
Start importing Assets/Scripts/LearningObjects.cs using Guid(367eee1eda62eeb4282bad4229df8e28) Importer(815301076,1909f56bfc062723c751e8b465ee728b)  -> (artifact id: 'b5343f39cf4380640210ddc57eb96768') in 0.004812 seconds
  Import took 0.011124 seconds .

========================================================================
Received Import Request.
  Time since last request: 0.013043 seconds.
  path: Assets/Scripts/LearningObjects.cs
  artifactKey: Guid(367eee1eda62eeb4282bad4229df8e28) Importer(815301076,1909f56bfc062723c751e8b465ee728b)
Start importing Assets/Scripts/LearningObjects.cs using Guid(367eee1eda62eeb4282bad4229df8e28) Importer(815301076,1909f56bfc062723c751e8b465ee728b)  -> (artifact id: 'b5343f39cf4380640210ddc57eb96768') in 0.004588 seconds
  Import took 0.010688 seconds .

========================================================================
Received Prepare
Registering precompiled user dll's ...
Registered in 0.001514 seconds.
Begin MonoManager ReloadAssembly
Native extension for WindowsStandalone target not found
Refreshing native plugins compatible for Editor in 0.56 ms, found 1 plugins.
Preloading 0 native plugins for Editor in 0.00 ms.
Mono: successfully reloaded assembly
- Completed reload, in  1.580 seconds
Platform modules already initialized, skipping
Refreshing native plugins compatible for Editor in 0.83 ms, found 1 plugins.
Preloading 0 native plugins for Editor in 0.00 ms.
Unloading 1818 Unused Serialized files (Serialized files now loaded: 0)
System memory in use before: 85.3 MB.
System memory in use after: 85.3 MB.

Unloading 12 unused Assets to reduce memory usage. Loaded Objects now: 2345.
Total: 3.354400 ms (FindLiveObjects: 0.226700 ms CreateObjectMapping: 0.105700 ms MarkObjects: 2.811500 ms  DeleteObjects: 0.208800 ms)

========================================================================
Received Import Request.
  Time since last request: 683.900827 seconds.
  path: Assets/Scripts/LearningObjects.cs
  artifactKey: Guid(367eee1eda62eeb4282bad4229df8e28) Importer(815301076,1909f56bfc062723c751e8b465ee728b)
Start importing Assets/Scripts/LearningObjects.cs using Guid(367eee1eda62eeb4282bad4229df8e28) Importer(815301076,1909f56bfc062723c751e8b465ee728b)  -> (artifact id: '59c25189eb80653af8243c05a6a357c6') in 0.008720 seconds
  Import took 0.015766 seconds .

AssetImportWorkerClient::OnTransportError - code=2 error=End of file
